
Showing logs for build [32mcb-kubecd-environment-pr-1407-1-btr4q-1[0m stage [32mfrom-build-pack[0m and container [32mstep-credential-initializer-57nrc[0m
{"level":"warn","ts":1586953147.450111,"logger":"fallback-logger","caller":"logging/config.go:69","msg":"Fetch GitHub commit ID from kodata failed: \"ref: refs/heads/0.8.0-**-support-backwards-incompats\" is not a valid GitHub commit ID"}
{"level":"info","ts":1586953147.451044,"logger":"fallback-logger","caller":"creds-init/main.go:40","msg":"Credentials initialized."}

Showing logs for build [32mcb-kubecd-environment-pr-1407-1-btr4q-1[0m stage [32mfrom-build-pack[0m and container [32mstep-working-dir-initializer-k88pl[0m
{"level":"warn","ts":1586953148.5007951,"logger":"fallback-logger","caller":"logging/config.go:69","msg":"Fetch GitHub commit ID from kodata failed: open /var/run/ko/HEAD: no such file or directory"}
{"level":"info","ts":1586953148.502486,"logger":"fallback-logger","caller":"bash/main.go:64","msg":"Successfully executed command \"sh -c mkdir -p /workspace/source\"; output "}

Showing logs for build [32mcb-kubecd-environment-pr-1407-1-btr4q-1[0m stage [32mfrom-build-pack[0m and container [32mstep-place-tools[0m

Showing logs for build [32mcb-kubecd-environment-pr-1407-1-btr4q-1[0m stage [32mfrom-build-pack[0m and container [32mstep-git-source-cb-kubecd-environment-pr-1407-1-btr4q-bbh76[0m
{"level":"warn","ts":1586953179.5871527,"logger":"fallback-logger","caller":"logging/config.go:69","msg":"Fetch GitHub commit ID from kodata failed: \"ref: refs/heads/0.8.0-**-support-backwards-incompats\" is not a valid GitHub commit ID"}
{"level":"info","ts":1586953180.706675,"logger":"fallback-logger","caller":"git/git.go:103","msg":"Successfully cloned https://github.com/cb-kubecd/environment-pr-1407-12-bdd-frontend-staging.git @ master in path /workspace/source"}

Showing logs for build [32mcb-kubecd-environment-pr-1407-1-btr4q-1[0m stage [32mfrom-build-pack[0m and container [32mstep-git-merge[0m
Using SHAs from PULL_REFS=master:f998a0ac7dc164368aafe97ce411b3f85cdfb4b5,1:5fa2abe994103ec598829578e1abd4e5cc58ae27
DEBUG: LC_ALL=C JX_LOG_LEVEL=error git fetch origin --unshallow 5fa2abe994103ec598829578e1abd4e5cc58ae27: f998a0ac7dc164368aafe97ce411b3f85cdfb4b5:
DEBUG: ran git fetch --unshallow origin 5fa2abe994103ec598829578e1abd4e5cc58ae27: f998a0ac7dc164368aafe97ce411b3f85cdfb4b5: in 
DEBUG: LC_ALL=C JX_LOG_LEVEL=error git branch
DEBUG: LC_ALL=C JX_LOG_LEVEL=error git checkout master
DEBUG: ran git checkout master in 
DEBUG: LC_ALL=C JX_LOG_LEVEL=error git reset --hard f998a0ac7dc164368aafe97ce411b3f85cdfb4b5
DEBUG: ran git reset --hard f998a0ac7dc164368aafe97ce411b3f85cdfb4b5 in 
DEBUG: LC_ALL=C JX_LOG_LEVEL=error git clean -fd .
DEBUG: ran clean --force -d . in 
DEBUG: LC_ALL=C JX_LOG_LEVEL=error git merge 5fa2abe994103ec598829578e1abd4e5cc58ae27
DEBUG: ran git merge 5fa2abe994103ec598829578e1abd4e5cc58ae27 in 
DEBUG: LC_ALL=C JX_LOG_LEVEL=error git log --format=%H%x1f%an%x1f%ae%x1f%cn%x1f%ce%x1f%s%n%b%x1e f998a0ac7dc164368aafe97ce411b3f85cdfb4b5..HEAD
Merged SHA 5fa2abe994103ec598829578e1abd4e5cc58ae27 with commit message 'chore: Promote bdd-nh-1586952087 to version 0.0.1' into base branch master

Showing logs for build [32mcb-kubecd-environment-pr-1407-1-btr4q-1[0m stage [32mfrom-build-pack[0m and container [32mstep-build-helm-build[0m
WARNING: No $CHART_REPOSITORY defined so using the default value of: http://jenkins-x-chartmuseum:8080
Adding missing Helm repo: storage.googleapis.com https://storage.googleapis.com/chartmuseum.jenkins-x.io
WARNING: No secrets found on "helm/repos" due: reading the secret "helm/repos" from vault: no secret "helm/repos" not found in vault
Read credentials for https://storage.googleapis.com/chartmuseum.jenkins-x.io from vault helm/repos
Successfully added Helm repository storage.googleapis.com.
Adding missing Helm repo: jenkins-x-chartmuseum http://jenkins-x-chartmuseum:8080
WARNING: No secrets found on "helm/repos" due: reading the secret "helm/repos" from vault: no secret "helm/repos" not found in vault
Read credentials for http://jenkins-x-chartmuseum:8080 from vault helm/repos
Successfully added Helm repository jenkins-x-chartmuseum.
WARNING: No $CHART_REPOSITORY defined so using the default value of: http://jenkins-x-chartmuseum:8080
Adding missing Helm repo: chartmuseum.jenkins-x.io http://chartmuseum.jenkins-x.io
WARNING: No secrets found on "helm/repos" due: reading the secret "helm/repos" from vault: no secret "helm/repos" not found in vault
Read credentials for http://chartmuseum.jenkins-x.io from vault helm/repos
Successfully added Helm repository chartmuseum.jenkins-x.io.
